<?xml version="1.0" encoding="UTF-8"?>
<testsuite name="pl.wsikora.successbudget.v3.SuccessBudgetApplicationTests" tests="1" skipped="0" failures="0" errors="0" timestamp="2024-06-23T22:56:00" hostname="wsikora" time="0.079">
  <properties/>
  <testcase name="contextLoads()" classname="pl.wsikora.successbudget.v3.SuccessBudgetApplicationTests" time="0.079"/>
  <system-out><![CDATA[00:55:57.679 [Test worker] DEBUG org.springframework.boot.test.context.SpringBootTestContextBootstrapper - Neither @ContextConfiguration nor @ContextHierarchy found for test class [SuccessBudgetApplicationTests]: using SpringBootContextLoader
00:55:57.683 [Test worker] DEBUG org.springframework.test.context.support.AbstractContextLoader - Could not detect default resource locations for test class [pl.wsikora.successbudget.v3.SuccessBudgetApplicationTests]: no resource found for suffixes {-context.xml, Context.groovy}.
00:55:57.684 [Test worker] INFO org.springframework.test.context.support.AnnotationConfigContextLoaderUtils - Could not detect default configuration classes for test class [pl.wsikora.successbudget.v3.SuccessBudgetApplicationTests]: SuccessBudgetApplicationTests does not declare any static, non-private, non-final, nested classes annotated with @Configuration.
00:55:57.699 [Test worker] DEBUG org.springframework.boot.test.context.SpringBootTestContextBootstrapper - Using ContextCustomizers for test class [SuccessBudgetApplicationTests]: [DisableObservabilityContextCustomizer, PropertyMappingContextCustomizer, Customizer, ExcludeFilterContextCustomizer, DuplicateJsonObjectContextCustomizer, MockitoContextCustomizer, TestRestTemplateContextCustomizer]
00:55:57.753 [Test worker] DEBUG org.springframework.context.annotation.ClassPathScanningCandidateComponentProvider - Identified candidate component class: file [/home/wsikora/Pulpit/success-budget/build/classes/java/main/pl/wsikora/successbudget/SuccessBudgetApplication.class]
00:55:57.754 [Test worker] INFO org.springframework.boot.test.context.SpringBootTestContextBootstrapper - Found @SpringBootConfiguration pl.wsikora.successbudget.SuccessBudgetApplication for test class pl.wsikora.successbudget.v3.SuccessBudgetApplicationTests
00:55:57.802 [Test worker] DEBUG org.springframework.boot.test.context.SpringBootTestContextBootstrapper - Using TestExecutionListeners for test class [SuccessBudgetApplicationTests]: [ServletTestExecutionListener, DirtiesContextBeforeModesTestExecutionListener, ApplicationEventsTestExecutionListener, MockitoTestExecutionListener, DependencyInjectionTestExecutionListener, DirtiesContextTestExecutionListener, TransactionalTestExecutionListener, SqlScriptsTestExecutionListener, WithSecurityContextTestExecutionListener, EventPublishingTestExecutionListener, ReactorContextTestExecutionListener, RestDocsTestExecutionListener, MockRestServiceServerResetTestExecutionListener, MockMvcPrintOnlyOnFailureTestExecutionListener, WebDriverTestExecutionListener, MockWebServiceServerTestExecutionListener, ResetMocksTestExecutionListener]
00:55:57.803 [Test worker] DEBUG org.springframework.test.context.support.AbstractDirtiesContextTestExecutionListener - Before test class: class [SuccessBudgetApplicationTests], class annotated with @DirtiesContext [false] with mode [null]

  .   ____          _            __ _ _
 /\\ / ___'_ __ _ _(_)_ __  __ _ \ \ \ \
( ( )\___ | '_ | '_| | '_ \/ _` | \ \ \ \
 \\/  ___)| |_)| | | | | || (_| |  ) ) ) )
  '  |____| .__|_| |_|_| |_\__, | / / / /
 =========|_|==============|___/=/_/_/_/
 :: Spring Boot ::                (v3.0.0)

2024-06-24T00:55:57.947+02:00  INFO 189934 --- [    Test worker] p.w.s.v3.SuccessBudgetApplicationTests   : Starting SuccessBudgetApplicationTests using Java 17.0.11 with PID 189934 (started by wsikora in /home/wsikora/Pulpit/success-budget)
2024-06-24T00:55:57.948+02:00  INFO 189934 --- [    Test worker] p.w.s.v3.SuccessBudgetApplicationTests   : No active profile set, falling back to 1 default profile: "default"
2024-06-24T00:55:58.407+02:00  INFO 189934 --- [    Test worker] .s.d.r.c.RepositoryConfigurationDelegate : Bootstrapping Spring Data JPA repositories in DEFAULT mode.
2024-06-24T00:55:58.457+02:00  INFO 189934 --- [    Test worker] .s.d.r.c.RepositoryConfigurationDelegate : Finished Spring Data repository scanning in 45 ms. Found 8 JPA repository interfaces.
2024-06-24T00:55:58.740+02:00  INFO 189934 --- [    Test worker] o.hibernate.jpa.internal.util.LogHelper  : HHH000204: Processing PersistenceUnitInfo [name: default]
2024-06-24T00:55:58.774+02:00  INFO 189934 --- [    Test worker] org.hibernate.Version                    : HHH000412: Hibernate ORM core version 6.1.5.Final
2024-06-24T00:55:58.868+02:00  WARN 189934 --- [    Test worker] org.hibernate.orm.deprecation            : HHH90000021: Encountered deprecated setting [javax.persistence.sharedCache.mode], use [jakarta.persistence.sharedCache.mode] instead
2024-06-24T00:55:58.933+02:00  INFO 189934 --- [    Test worker] com.zaxxer.hikari.HikariDataSource       : HikariPool-1 - Starting...
2024-06-24T00:55:59.129+02:00  INFO 189934 --- [    Test worker] com.zaxxer.hikari.pool.HikariPool        : HikariPool-1 - Added connection org.postgresql.jdbc.PgConnection@2b936b04
2024-06-24T00:55:59.131+02:00  INFO 189934 --- [    Test worker] com.zaxxer.hikari.HikariDataSource       : HikariPool-1 - Start completed.
2024-06-24T00:55:59.147+02:00  INFO 189934 --- [    Test worker] SQL dialect                              : HHH000400: Using dialect: org.hibernate.dialect.PostgreSQLDialect
2024-06-24T00:55:59.801+02:00  INFO 189934 --- [    Test worker] o.h.e.t.j.p.i.JtaPlatformInitiator       : HHH000490: Using JtaPlatform implementation: [org.hibernate.engine.transaction.jta.platform.internal.NoJtaPlatform]
2024-06-24T00:55:59.809+02:00  INFO 189934 --- [    Test worker] j.LocalContainerEntityManagerFactoryBean : Initialized JPA EntityManagerFactory for persistence unit 'default'
2024-06-24T00:56:00.343+02:00  WARN 189934 --- [    Test worker] JpaBaseConfiguration$JpaWebConfiguration : spring.jpa.open-in-view is enabled by default. Therefore, database queries may be performed during view rendering. Explicitly configure spring.jpa.open-in-view to disable this warning
2024-06-24T00:56:00.521+02:00  INFO 189934 --- [    Test worker] o.s.s.web.DefaultSecurityFilterChain     : Will secure any request with [org.springframework.security.web.session.DisableEncodeUrlFilter@5fdebe73, org.springframework.security.web.context.request.async.WebAsyncManagerIntegrationFilter@6919a8a, org.springframework.security.web.context.SecurityContextHolderFilter@174e5929, org.springframework.security.web.header.HeaderWriterFilter@50165a6d, org.springframework.security.web.csrf.CsrfFilter@7c046af, org.springframework.security.web.authentication.logout.LogoutFilter@7c424dfe, org.springframework.security.web.authentication.UsernamePasswordAuthenticationFilter@2fe152aa, org.springframework.security.web.savedrequest.RequestCacheAwareFilter@62b8dd6a, org.springframework.security.web.servletapi.SecurityContextHolderAwareRequestFilter@caee26e, org.springframework.security.web.authentication.AnonymousAuthenticationFilter@23c0fcf0, org.springframework.security.web.access.ExceptionTranslationFilter@4ac2b4c6, org.springframework.security.web.access.intercept.AuthorizationFilter@29b61bb]
2024-06-24T00:56:00.733+02:00  INFO 189934 --- [    Test worker] p.w.s.v3.SuccessBudgetApplicationTests   : Started SuccessBudgetApplicationTests in 2.912 seconds (process running for 3.531)
]]></system-out>
  <system-err><![CDATA[]]></system-err>
</testsuite>
