<?xml version="1.0" encoding="UTF-8"?>
<testsuite name="pl.wsikora.successbudget.v3.common.type.date.DateInFutureValidatorTest" tests="7" skipped="0" failures="0" errors="0" timestamp="2024-06-23T22:56:00" hostname="wsikora" time="0.01">
  <properties/>
  <testcase name="shouldDetectNullDate()" classname="pl.wsikora.successbudget.v3.common.type.date.DateInFutureValidatorTest" time="0.001"/>
  <testcase name="shouldDetectIncompleteDate()" classname="pl.wsikora.successbudget.v3.common.type.date.DateInFutureValidatorTest" time="0.002"/>
  <testcase name="shouldDetectDateOfInvalidFormat()" classname="pl.wsikora.successbudget.v3.common.type.date.DateInFutureValidatorTest" time="0.001"/>
  <testcase name="shouldDetectBlankDate()" classname="pl.wsikora.successbudget.v3.common.type.date.DateInFutureValidatorTest" time="0.001"/>
  <testcase name="shouldDetectPastDate()" classname="pl.wsikora.successbudget.v3.common.type.date.DateInFutureValidatorTest" time="0.001"/>
  <testcase name="shouldDetectTodayDate()" classname="pl.wsikora.successbudget.v3.common.type.date.DateInFutureValidatorTest" time="0.001"/>
  <testcase name="shouldDetectEmptyDate()" classname="pl.wsikora.successbudget.v3.common.type.date.DateInFutureValidatorTest" time="0.001"/>
  <system-out><![CDATA[]]></system-out>
  <system-err><![CDATA[]]></system-err>
</testsuite>
