<?xml version="1.0" encoding="UTF-8"?>
<testsuite name="pl.wsikora.successbudget.v3.category.ui.edit.PriorityValidatorTest" tests="4" skipped="0" failures="0" errors="0" timestamp="2024-06-23T22:56:00" hostname="wsikora" time="0.005">
  <properties/>
  <testcase name="shouldDetectTooHighValue()" classname="pl.wsikora.successbudget.v3.category.ui.edit.PriorityValidatorTest" time="0.001"/>
  <testcase name="shouldDetectNullValue()" classname="pl.wsikora.successbudget.v3.category.ui.edit.PriorityValidatorTest" time="0.001"/>
  <testcase name="shouldAcceptValidValue()" classname="pl.wsikora.successbudget.v3.category.ui.edit.PriorityValidatorTest" time="0.001"/>
  <testcase name="shouldDetectTooLowValue()" classname="pl.wsikora.successbudget.v3.category.ui.edit.PriorityValidatorTest" time="0.001"/>
  <system-out><![CDATA[]]></system-out>
  <system-err><![CDATA[]]></system-err>
</testsuite>
