<?xml version="1.0" encoding="UTF-8"?>
<testsuite name="pl.wsikora.successbudget.v3.user.ui.registration.PasswordValidatorTest" tests="5" skipped="0" failures="0" errors="0" timestamp="2024-06-23T22:56:01" hostname="wsikora" time="0.008">
  <properties/>
  <testcase name="shouldDetectTooShortPassword()" classname="pl.wsikora.successbudget.v3.user.ui.registration.PasswordValidatorTest" time="0.002"/>
  <testcase name="shouldDetectEmptyPassword()" classname="pl.wsikora.successbudget.v3.user.ui.registration.PasswordValidatorTest" time="0.001"/>
  <testcase name="shouldDetectNullPassword()" classname="pl.wsikora.successbudget.v3.user.ui.registration.PasswordValidatorTest" time="0.0"/>
  <testcase name="shouldDetectTooLongPassword()" classname="pl.wsikora.successbudget.v3.user.ui.registration.PasswordValidatorTest" time="0.001"/>
  <testcase name="shouldDetectBlankPassword()" classname="pl.wsikora.successbudget.v3.user.ui.registration.PasswordValidatorTest" time="0.0"/>
  <system-out><![CDATA[]]></system-out>
  <system-err><![CDATA[]]></system-err>
</testsuite>
