<?xml version="1.0" encoding="UTF-8"?>
<testsuite name="pl.wsikora.successbudget.v3.common.type.description.DescriptionValidatorTest" tests="2" skipped="0" failures="0" errors="0" timestamp="2024-06-23T22:56:00" hostname="wsikora" time="0.006">
  <properties/>
  <testcase name="shouldAcceptEmptyDescription()" classname="pl.wsikora.successbudget.v3.common.type.description.DescriptionValidatorTest" time="0.004"/>
  <testcase name="shouldDetectTooLongDescription()" classname="pl.wsikora.successbudget.v3.common.type.description.DescriptionValidatorTest" time="0.001"/>
  <system-out><![CDATA[]]></system-out>
  <system-err><![CDATA[]]></system-err>
</testsuite>
