<?xml version="1.0" encoding="UTF-8"?>
<testsuite name="pl.wsikora.successbudget.v3.category.ui.edit.CategoryEditFormValidatorTest" tests="1" skipped="0" failures="0" errors="0" timestamp="2024-06-23T22:56:00" hostname="wsikora" time="0.074">
  <properties/>
  <testcase name="shouldRejectNonUniqueName()" classname="pl.wsikora.successbudget.v3.category.ui.edit.CategoryEditFormValidatorTest" time="0.074"/>
  <system-out><![CDATA[]]></system-out>
  <system-err><![CDATA[]]></system-err>
</testsuite>
